
ROM used:   202/32768 (1%)
            206/32768 (1%) including unused fragments

            0.2 Average locations per line
            11.2 Average locations per statement

RAM used:   7/2048 (0%) at main() level
            9/2048 (0%) worst case

Stack used: 0 worst case (0 in main + 0 for interrupts)
Stack size: 31

Lines Stmts  %   Files
----- ----- ---  -----
   76    18 100  Bluetooth HM-10.c
  861     0   0  D:\Programas\PICC\Devices\18F4550.h
----- -----
  937    18 Total

Page ROM  %  RAM    Vol Diff  Functions:
---- --- --- ---    --- ----  ----------
0    130  32    1    410  4.5  main
0     16   4    0    362  2.3  @const701
0     34   8    2    319  4.1  @PSTRINGC_9600_31766_31767
0     18   4    0    384  4.4  @const706
 Inline         0    200  3.3  @cinit1

Program metrics:
    Functions               5
    Statements              18
    Comments                187
    Volume (V)              2398
    Difficulty (D)          18.6
    Effort to implement (E) 44490
    Time to implement (T)   41 minutes
    Est Delivered Bugs (B)  0
    Cyclomatic Complexity   7
    Maintainability (MI)    115

 Segment     Used  Free
-----------  ----  ----
00000-01FFE     0  8192  
02000-02006     4  4  
02008-07FFE   198  24370  



